<?xml version="1.0" encoding="UTF-8"?>
<testsuite name="Exercise3Test" tests="6" skipped="0" failures="0" errors="0" timestamp="2017-10-23T17:58:44" hostname="christian-Lenovo-G510" time="0.002">
  <properties/>
  <testcase name="testLazy1" classname="Exercise3Test" time="0.001"/>
  <testcase name="testLazy2" classname="Exercise3Test" time="0.0"/>
  <testcase name="testLazy3" classname="Exercise3Test" time="0.0"/>
  <testcase name="testTri1" classname="Exercise3Test" time="0.0"/>
  <testcase name="testTri2" classname="Exercise3Test" time="0.0"/>
  <testcase name="testTri3" classname="Exercise3Test" time="0.0"/>
  <system-out><![CDATA[]]></system-out>
  <system-err><![CDATA[]]></system-err>
</testsuite>
